2025-02-05 13:46:59   Build version: 2024.1 Release from 2023-10-16 (change 1181985)

2025-02-05 13:46:59    Task: Sweep1
                      ----------------------------------------------------------------------
2025-02-05 13:46:59   
                      Sequence: Sequence 1

2025-02-05 13:47:01   Parameters: V=0.

2025-02-05 13:47:35   
                      ======================================================================

2025-02-05 13:47:35   
                      ======================================================================

2025-02-05 13:47:37   Parameters: V=2.

2025-02-05 13:47:37   
                      ======================================================================

2025-02-05 13:47:37   
                      ======================================================================

2025-02-05 13:47:39   Parameters: V=4.

2025-02-05 13:47:39   
                      ======================================================================

2025-02-05 13:47:39   
                      ======================================================================

2025-02-05 13:47:40   Parameters: V=6.

2025-02-05 13:47:40   
                      ======================================================================

2025-02-05 13:47:40   
                      ======================================================================

2025-02-05 13:47:42   Parameters: V=8.

