Post-processing Logfile 

----------------------------------------------------------------------------------------
Units settings: 

  Dimensions: mm
  Frequency:  GHz
  Time:       ns

----------------------------------------------------------------------------------------

Template based post-processing started at: 2025-01-28 12:40:07

  Evaluating '- Touchstone Export': 0.069 s

  Total time: 0 s  ( = 0 h, 0 m, 0 s )

Template based post-processing finished at: 2025-01-28 12:40:07
----------------------------------------------------------------------------------------
Template based post-processing started at: 2025-01-28 12:40:09

  Evaluating '- Touchstone Export': 0.024 s

  Total time: 0 s  ( = 0 h, 0 m, 0 s )

Template based post-processing finished at: 2025-01-28 12:40:09
----------------------------------------------------------------------------------------
Template based post-processing started at: 2025-01-28 12:40:10

  Evaluating '- Touchstone Export': 0.021 s

  Total time: 0 s  ( = 0 h, 0 m, 0 s )

Template based post-processing finished at: 2025-01-28 12:40:10
----------------------------------------------------------------------------------------
Template based post-processing started at: 2025-01-28 12:40:12

  Evaluating '- Touchstone Export': 0.022 s

  Total time: 0 s  ( = 0 h, 0 m, 0 s )

Template based post-processing finished at: 2025-01-28 12:40:12
----------------------------------------------------------------------------------------
Template based post-processing started at: 2025-01-28 12:40:14

  Evaluating '- Touchstone Export': 0.025 s

  Total time: 0 s  ( = 0 h, 0 m, 0 s )

Template based post-processing finished at: 2025-01-28 12:40:14
----------------------------------------------------------------------------------------
Template based post-processing started at: 2025-01-28 12:40:16

  Evaluating '- Touchstone Export': 0.021 s

  Total time: 0 s  ( = 0 h, 0 m, 0 s )

Template based post-processing finished at: 2025-01-28 12:40:16
----------------------------------------------------------------------------------------
Template based post-processing started at: 2025-01-28 12:40:18

  Evaluating '- Touchstone Export': 0.025 s

  Total time: 0 s  ( = 0 h, 0 m, 0 s )

Template based post-processing finished at: 2025-01-28 12:40:18
----------------------------------------------------------------------------------------
Template based post-processing started at: 2025-01-28 12:40:20

  Evaluating '- Touchstone Export': 0.024 s

  Total time: 0 s  ( = 0 h, 0 m, 0 s )

Template based post-processing finished at: 2025-01-28 12:40:20
----------------------------------------------------------------------------------------
Template based post-processing started at: 2025-01-28 12:40:21

  Evaluating '- Touchstone Export': 0.021 s

  Total time: 0 s  ( = 0 h, 0 m, 0 s )

Template based post-processing finished at: 2025-01-28 12:40:21
----------------------------------------------------------------------------------------
Template based post-processing started at: 2025-01-28 12:40:23

  Evaluating '- Touchstone Export': 0.024 s

  Total time: 0 s  ( = 0 h, 0 m, 0 s )

Template based post-processing finished at: 2025-01-28 12:40:23
----------------------------------------------------------------------------------------
Template based post-processing started at: 2025-01-28 12:40:25

  Evaluating '- Touchstone Export': 0.022 s

  Total time: 0 s  ( = 0 h, 0 m, 0 s )

Template based post-processing finished at: 2025-01-28 12:40:25
----------------------------------------------------------------------------------------
Template based post-processing started at: 2025-01-28 12:44:56

  Evaluating '- Touchstone Export': 0.059 s

  Total time: 0 s  ( = 0 h, 0 m, 0 s )

Template based post-processing finished at: 2025-01-28 12:44:56
----------------------------------------------------------------------------------------
Template based post-processing started at: 2025-01-28 12:44:57

  Evaluating '- Touchstone Export': 0.021 s

  Total time: 0 s  ( = 0 h, 0 m, 0 s )

Template based post-processing finished at: 2025-01-28 12:44:57
----------------------------------------------------------------------------------------
Template based post-processing started at: 2025-01-28 12:44:59

  Evaluating '- Touchstone Export': 0.022 s

  Total time: 0 s  ( = 0 h, 0 m, 0 s )

Template based post-processing finished at: 2025-01-28 12:44:59
----------------------------------------------------------------------------------------
Template based post-processing started at: 2025-01-28 12:45:00

  Evaluating '- Touchstone Export': 0.023 s

  Total time: 0 s  ( = 0 h, 0 m, 0 s )

Template based post-processing finished at: 2025-01-28 12:45:00
----------------------------------------------------------------------------------------
Template based post-processing started at: 2025-01-28 12:45:02

  Evaluating '- Touchstone Export': 0.019 s

  Total time: 0 s  ( = 0 h, 0 m, 0 s )

Template based post-processing finished at: 2025-01-28 12:45:02
----------------------------------------------------------------------------------------
Template based post-processing started at: 2025-01-28 12:45:03

  Evaluating '- Touchstone Export': 0.017 s

  Total time: 0 s  ( = 0 h, 0 m, 0 s )

Template based post-processing finished at: 2025-01-28 12:45:03
----------------------------------------------------------------------------------------
Template based post-processing started at: 2025-01-28 12:45:04

  Evaluating '- Touchstone Export': 0.019 s

  Total time: 0 s  ( = 0 h, 0 m, 0 s )

Template based post-processing finished at: 2025-01-28 12:45:04
----------------------------------------------------------------------------------------
Template based post-processing started at: 2025-01-28 12:45:06

  Evaluating '- Touchstone Export': 0.02 s

  Total time: 0 s  ( = 0 h, 0 m, 0 s )

Template based post-processing finished at: 2025-01-28 12:45:06
----------------------------------------------------------------------------------------
Template based post-processing started at: 2025-01-28 12:45:07

  Evaluating '- Touchstone Export': 0.02 s

  Total time: 0 s  ( = 0 h, 0 m, 0 s )

Template based post-processing finished at: 2025-01-28 12:45:07
----------------------------------------------------------------------------------------
Template based post-processing started at: 2025-01-28 12:45:09

  Evaluating '- Touchstone Export': 0.018 s

  Total time: 0 s  ( = 0 h, 0 m, 0 s )

Template based post-processing finished at: 2025-01-28 12:45:09
----------------------------------------------------------------------------------------
Template based post-processing started at: 2025-01-28 12:45:10

  Evaluating '- Touchstone Export': 0.017 s

  Total time: 0 s  ( = 0 h, 0 m, 0 s )

Template based post-processing finished at: 2025-01-28 12:45:10
----------------------------------------------------------------------------------------
Template based post-processing started at: 2025-01-28 13:07:46

  Evaluating '- Touchstone Export': 0.051 s

  Total time: 0 s  ( = 0 h, 0 m, 0 s )

Template based post-processing finished at: 2025-01-28 13:07:46
----------------------------------------------------------------------------------------
Template based post-processing started at: 2025-01-28 13:07:47

  Evaluating '- Touchstone Export': 0.026 s

  Total time: 0 s  ( = 0 h, 0 m, 0 s )

Template based post-processing finished at: 2025-01-28 13:07:48
----------------------------------------------------------------------------------------
Template based post-processing started at: 2025-01-28 13:07:49

  Evaluating '- Touchstone Export': 0.024 s

  Total time: 0 s  ( = 0 h, 0 m, 0 s )

Template based post-processing finished at: 2025-01-28 13:07:49
----------------------------------------------------------------------------------------
Template based post-processing started at: 2025-01-28 13:07:51

  Evaluating '- Touchstone Export': 0.023 s

  Total time: 0 s  ( = 0 h, 0 m, 0 s )

Template based post-processing finished at: 2025-01-28 13:07:51
----------------------------------------------------------------------------------------
Template based post-processing started at: 2025-01-28 13:07:52

  Evaluating '- Touchstone Export': 0.023 s

  Total time: 0 s  ( = 0 h, 0 m, 0 s )

Template based post-processing finished at: 2025-01-28 13:07:52
----------------------------------------------------------------------------------------
Template based post-processing started at: 2025-01-28 13:07:54

  Evaluating '- Touchstone Export': 0.026 s

  Total time: 0 s  ( = 0 h, 0 m, 0 s )

Template based post-processing finished at: 2025-01-28 13:07:54
----------------------------------------------------------------------------------------
Template based post-processing started at: 2025-01-28 13:07:55

  Evaluating '- Touchstone Export': 0.023 s

  Total time: 0 s  ( = 0 h, 0 m, 0 s )

Template based post-processing finished at: 2025-01-28 13:07:55
----------------------------------------------------------------------------------------
Template based post-processing started at: 2025-01-28 13:07:57

  Evaluating '- Touchstone Export': 0.023 s

  Total time: 0 s  ( = 0 h, 0 m, 0 s )

Template based post-processing finished at: 2025-01-28 13:07:57
----------------------------------------------------------------------------------------
Template based post-processing started at: 2025-01-28 13:07:58

  Evaluating '- Touchstone Export': 0.024 s

  Total time: 0 s  ( = 0 h, 0 m, 0 s )

Template based post-processing finished at: 2025-01-28 13:07:58
----------------------------------------------------------------------------------------
Template based post-processing started at: 2025-01-28 13:08:00

  Evaluating '- Touchstone Export': 0.025 s

  Total time: 0 s  ( = 0 h, 0 m, 0 s )

Template based post-processing finished at: 2025-01-28 13:08:00
----------------------------------------------------------------------------------------
Template based post-processing started at: 2025-01-28 13:08:01

  Evaluating '- Touchstone Export': 0.024 s

  Total time: 0 s  ( = 0 h, 0 m, 0 s )

Template based post-processing finished at: 2025-01-28 13:08:01
----------------------------------------------------------------------------------------
Template based post-processing started at: 2025-01-28 13:11:07

  Evaluating '- Touchstone Export': 0.049 s

  Total time: 0 s  ( = 0 h, 0 m, 0 s )

Template based post-processing finished at: 2025-01-28 13:11:07
----------------------------------------------------------------------------------------
Template based post-processing started at: 2025-01-28 13:11:09

  Evaluating '- Touchstone Export': 0.024 s

  Total time: 0 s  ( = 0 h, 0 m, 0 s )

Template based post-processing finished at: 2025-01-28 13:11:09
----------------------------------------------------------------------------------------
Template based post-processing started at: 2025-01-28 13:11:10

  Evaluating '- Touchstone Export': 0.024 s

  Total time: 0 s  ( = 0 h, 0 m, 0 s )

Template based post-processing finished at: 2025-01-28 13:11:10
----------------------------------------------------------------------------------------
Template based post-processing started at: 2025-01-28 13:11:11

  Evaluating '- Touchstone Export': 0.024 s

  Total time: 0 s  ( = 0 h, 0 m, 0 s )

Template based post-processing finished at: 2025-01-28 13:11:11
----------------------------------------------------------------------------------------
Template based post-processing started at: 2025-01-28 13:11:13

  Evaluating '- Touchstone Export': 0.025 s

  Total time: 0 s  ( = 0 h, 0 m, 0 s )

Template based post-processing finished at: 2025-01-28 13:11:13
----------------------------------------------------------------------------------------
Template based post-processing started at: 2025-01-28 13:11:14

  Evaluating '- Touchstone Export': 0.025 s

  Total time: 0 s  ( = 0 h, 0 m, 0 s )

Template based post-processing finished at: 2025-01-28 13:11:14
----------------------------------------------------------------------------------------
Template based post-processing started at: 2025-01-28 13:11:16

  Evaluating '- Touchstone Export': 0.025 s

  Total time: 0 s  ( = 0 h, 0 m, 0 s )

Template based post-processing finished at: 2025-01-28 13:11:16
----------------------------------------------------------------------------------------
Template based post-processing started at: 2025-01-28 13:11:17

  Evaluating '- Touchstone Export': 0.025 s

  Total time: 0 s  ( = 0 h, 0 m, 0 s )

Template based post-processing finished at: 2025-01-28 13:11:17
----------------------------------------------------------------------------------------
Template based post-processing started at: 2025-01-28 13:11:18

  Evaluating '- Touchstone Export': 0.026 s

  Total time: 0 s  ( = 0 h, 0 m, 0 s )

Template based post-processing finished at: 2025-01-28 13:11:18
----------------------------------------------------------------------------------------
Template based post-processing started at: 2025-01-28 13:11:20

  Evaluating '- Touchstone Export': 0.024 s

  Total time: 0 s  ( = 0 h, 0 m, 0 s )

Template based post-processing finished at: 2025-01-28 13:11:20
----------------------------------------------------------------------------------------
Template based post-processing started at: 2025-01-28 13:11:21

  Evaluating '- Touchstone Export': 0.027 s

  Total time: 0 s  ( = 0 h, 0 m, 0 s )

Template based post-processing finished at: 2025-01-28 13:11:21
----------------------------------------------------------------------------------------
Template based post-processing started at: 2025-01-28 13:20:32

  Evaluating '- Touchstone Export': 0.049 s

  Total time: 0 s  ( = 0 h, 0 m, 0 s )

Template based post-processing finished at: 2025-01-28 13:20:32
----------------------------------------------------------------------------------------
Template based post-processing started at: 2025-01-28 13:20:33

  Evaluating '- Touchstone Export': 0.024 s

  Total time: 0 s  ( = 0 h, 0 m, 0 s )

Template based post-processing finished at: 2025-01-28 13:20:33
----------------------------------------------------------------------------------------
Template based post-processing started at: 2025-01-28 13:20:34

  Evaluating '- Touchstone Export': 0.025 s

  Total time: 0 s  ( = 0 h, 0 m, 0 s )

Template based post-processing finished at: 2025-01-28 13:20:34
----------------------------------------------------------------------------------------
Template based post-processing started at: 2025-01-28 13:20:36

  Evaluating '- Touchstone Export': 0.027 s

  Total time: 0 s  ( = 0 h, 0 m, 0 s )

Template based post-processing finished at: 2025-01-28 13:20:36
----------------------------------------------------------------------------------------
Template based post-processing started at: 2025-01-28 13:20:37

  Evaluating '- Touchstone Export': 0.025 s

  Total time: 0 s  ( = 0 h, 0 m, 0 s )

Template based post-processing finished at: 2025-01-28 13:20:37
----------------------------------------------------------------------------------------
Template based post-processing started at: 2025-01-28 13:20:39

  Evaluating '- Touchstone Export': 0.026 s

  Total time: 0 s  ( = 0 h, 0 m, 0 s )

Template based post-processing finished at: 2025-01-28 13:20:39
----------------------------------------------------------------------------------------
Template based post-processing started at: 2025-01-28 13:20:40

  Evaluating '- Touchstone Export': 0.024 s

  Total time: 0 s  ( = 0 h, 0 m, 0 s )

Template based post-processing finished at: 2025-01-28 13:20:40
----------------------------------------------------------------------------------------
Template based post-processing started at: 2025-01-28 13:20:41

  Evaluating '- Touchstone Export': 0.026 s

  Total time: 0 s  ( = 0 h, 0 m, 0 s )

Template based post-processing finished at: 2025-01-28 13:20:41
----------------------------------------------------------------------------------------
Template based post-processing started at: 2025-01-28 13:20:43

  Evaluating '- Touchstone Export': 0.025 s

  Total time: 0 s  ( = 0 h, 0 m, 0 s )

Template based post-processing finished at: 2025-01-28 13:20:43
----------------------------------------------------------------------------------------
Template based post-processing started at: 2025-01-28 13:20:44

  Evaluating '- Touchstone Export': 0.025 s

  Total time: 0 s  ( = 0 h, 0 m, 0 s )

Template based post-processing finished at: 2025-01-28 13:20:44
----------------------------------------------------------------------------------------
Template based post-processing started at: 2025-01-28 13:20:46

  Evaluating '- Touchstone Export': 0.025 s

  Total time: 0 s  ( = 0 h, 0 m, 0 s )

Template based post-processing finished at: 2025-01-28 13:20:46
----------------------------------------------------------------------------------------
Template based post-processing started at: 2025-01-28 13:21:52

  Evaluating '- Touchstone Export': 0.046 s

  Total time: 0 s  ( = 0 h, 0 m, 0 s )

Template based post-processing finished at: 2025-01-28 13:21:52
----------------------------------------------------------------------------------------
Template based post-processing started at: 2025-01-28 13:21:54

  Evaluating '- Touchstone Export': 0.023 s

  Total time: 0 s  ( = 0 h, 0 m, 0 s )

Template based post-processing finished at: 2025-01-28 13:21:54
----------------------------------------------------------------------------------------
Template based post-processing started at: 2025-01-28 13:21:55

  Evaluating '- Touchstone Export': 0.024 s

  Total time: 0 s  ( = 0 h, 0 m, 0 s )

Template based post-processing finished at: 2025-01-28 13:21:55
----------------------------------------------------------------------------------------
Template based post-processing started at: 2025-01-28 13:21:57

  Evaluating '- Touchstone Export': 0.023 s

  Total time: 0 s  ( = 0 h, 0 m, 0 s )

Template based post-processing finished at: 2025-01-28 13:21:57
----------------------------------------------------------------------------------------
Template based post-processing started at: 2025-01-28 13:21:58

  Evaluating '- Touchstone Export': 0.025 s

  Total time: 0 s  ( = 0 h, 0 m, 0 s )

Template based post-processing finished at: 2025-01-28 13:21:58
----------------------------------------------------------------------------------------
Template based post-processing started at: 2025-01-28 13:21:59

  Evaluating '- Touchstone Export': 0.022 s

  Total time: 0 s  ( = 0 h, 0 m, 0 s )

Template based post-processing finished at: 2025-01-28 13:21:59
----------------------------------------------------------------------------------------
Template based post-processing started at: 2025-01-28 13:22:01

  Evaluating '- Touchstone Export': 0.024 s

  Total time: 0 s  ( = 0 h, 0 m, 0 s )

Template based post-processing finished at: 2025-01-28 13:22:01
----------------------------------------------------------------------------------------
Template based post-processing started at: 2025-01-28 13:22:02

  Evaluating '- Touchstone Export': 0.022 s

  Total time: 0 s  ( = 0 h, 0 m, 0 s )

Template based post-processing finished at: 2025-01-28 13:22:02
----------------------------------------------------------------------------------------
Template based post-processing started at: 2025-01-28 13:22:03

  Evaluating '- Touchstone Export': 0.023 s

  Total time: 0 s  ( = 0 h, 0 m, 0 s )

Template based post-processing finished at: 2025-01-28 13:22:04
----------------------------------------------------------------------------------------
Template based post-processing started at: 2025-01-28 13:22:05

  Evaluating '- Touchstone Export': 0.023 s

  Total time: 0 s  ( = 0 h, 0 m, 0 s )

Template based post-processing finished at: 2025-01-28 13:22:05
----------------------------------------------------------------------------------------
Template based post-processing started at: 2025-01-28 13:22:06

  Evaluating '- Touchstone Export': 0.023 s

  Total time: 0 s  ( = 0 h, 0 m, 0 s )

Template based post-processing finished at: 2025-01-28 13:22:06
----------------------------------------------------------------------------------------
Template based post-processing started at: 2025-01-28 13:23:08

  Evaluating '- Touchstone Export': 0.045 s

  Total time: 0 s  ( = 0 h, 0 m, 0 s )

Template based post-processing finished at: 2025-01-28 13:23:08
----------------------------------------------------------------------------------------
Template based post-processing started at: 2025-01-28 13:23:09

  Evaluating '- Touchstone Export': 0.023 s

  Total time: 0 s  ( = 0 h, 0 m, 0 s )

Template based post-processing finished at: 2025-01-28 13:23:09
----------------------------------------------------------------------------------------
Template based post-processing started at: 2025-01-28 13:23:11

  Evaluating '- Touchstone Export': 0.025 s

  Total time: 0 s  ( = 0 h, 0 m, 0 s )

Template based post-processing finished at: 2025-01-28 13:23:11
----------------------------------------------------------------------------------------
Template based post-processing started at: 2025-01-28 13:23:12

  Evaluating '- Touchstone Export': 0.023 s

  Total time: 0 s  ( = 0 h, 0 m, 0 s )

Template based post-processing finished at: 2025-01-28 13:23:12
----------------------------------------------------------------------------------------
Template based post-processing started at: 2025-01-28 13:23:13

  Evaluating '- Touchstone Export': 0.022 s

  Total time: 0 s  ( = 0 h, 0 m, 0 s )

Template based post-processing finished at: 2025-01-28 13:23:13
----------------------------------------------------------------------------------------
Template based post-processing started at: 2025-01-28 13:23:15

  Evaluating '- Touchstone Export': 0.023 s

  Total time: 0 s  ( = 0 h, 0 m, 0 s )

Template based post-processing finished at: 2025-01-28 13:23:15
----------------------------------------------------------------------------------------
Template based post-processing started at: 2025-01-28 13:23:16

  Evaluating '- Touchstone Export': 0.023 s

  Total time: 0 s  ( = 0 h, 0 m, 0 s )

Template based post-processing finished at: 2025-01-28 13:23:16
----------------------------------------------------------------------------------------
Template based post-processing started at: 2025-01-28 13:23:18

  Evaluating '- Touchstone Export': 0.024 s

  Total time: 0 s  ( = 0 h, 0 m, 0 s )

Template based post-processing finished at: 2025-01-28 13:23:18
----------------------------------------------------------------------------------------
Template based post-processing started at: 2025-01-28 13:23:19

  Evaluating '- Touchstone Export': 0.024 s

  Total time: 0 s  ( = 0 h, 0 m, 0 s )

Template based post-processing finished at: 2025-01-28 13:23:19
----------------------------------------------------------------------------------------
Template based post-processing started at: 2025-01-28 13:23:20

  Evaluating '- Touchstone Export': 0.024 s

  Total time: 0 s  ( = 0 h, 0 m, 0 s )

Template based post-processing finished at: 2025-01-28 13:23:20
----------------------------------------------------------------------------------------
Template based post-processing started at: 2025-01-28 13:23:22

  Evaluating '- Touchstone Export': 0.023 s

  Total time: 0 s  ( = 0 h, 0 m, 0 s )

Template based post-processing finished at: 2025-01-28 13:23:22
----------------------------------------------------------------------------------------
Template based post-processing started at: 2025-01-28 13:24:24

  Evaluating '- Touchstone Export': 0.051 s

  Total time: 0 s  ( = 0 h, 0 m, 0 s )

Template based post-processing finished at: 2025-01-28 13:24:24
----------------------------------------------------------------------------------------
Template based post-processing started at: 2025-01-28 13:24:25

  Evaluating '- Touchstone Export': 0.023 s

  Total time: 0 s  ( = 0 h, 0 m, 0 s )

Template based post-processing finished at: 2025-01-28 13:24:26
----------------------------------------------------------------------------------------
Template based post-processing started at: 2025-01-28 13:24:27

  Evaluating '- Touchstone Export': 0.024 s

  Total time: 0 s  ( = 0 h, 0 m, 0 s )

Template based post-processing finished at: 2025-01-28 13:24:27
----------------------------------------------------------------------------------------
Template based post-processing started at: 2025-01-28 13:24:28

  Evaluating '- Touchstone Export': 0.025 s

  Total time: 0 s  ( = 0 h, 0 m, 0 s )

Template based post-processing finished at: 2025-01-28 13:24:28
----------------------------------------------------------------------------------------
Template based post-processing started at: 2025-01-28 13:24:30

  Evaluating '- Touchstone Export': 0.024 s

  Total time: 0 s  ( = 0 h, 0 m, 0 s )

Template based post-processing finished at: 2025-01-28 13:24:30
----------------------------------------------------------------------------------------
Template based post-processing started at: 2025-01-28 13:24:31

  Evaluating '- Touchstone Export': 0.023 s

  Total time: 0 s  ( = 0 h, 0 m, 0 s )

Template based post-processing finished at: 2025-01-28 13:24:31
----------------------------------------------------------------------------------------
Template based post-processing started at: 2025-01-28 13:24:32

  Evaluating '- Touchstone Export': 0.024 s

  Total time: 0 s  ( = 0 h, 0 m, 0 s )

Template based post-processing finished at: 2025-01-28 13:24:32
----------------------------------------------------------------------------------------
Template based post-processing started at: 2025-01-28 13:24:34

  Evaluating '- Touchstone Export': 0.025 s

  Total time: 0 s  ( = 0 h, 0 m, 0 s )

Template based post-processing finished at: 2025-01-28 13:24:34
----------------------------------------------------------------------------------------
Template based post-processing started at: 2025-01-28 13:24:35

  Evaluating '- Touchstone Export': 0.023 s

  Total time: 0 s  ( = 0 h, 0 m, 0 s )

Template based post-processing finished at: 2025-01-28 13:24:35
----------------------------------------------------------------------------------------
Template based post-processing started at: 2025-01-28 13:24:37

  Evaluating '- Touchstone Export': 0.023 s

  Total time: 0 s  ( = 0 h, 0 m, 0 s )

Template based post-processing finished at: 2025-01-28 13:24:37
----------------------------------------------------------------------------------------
Template based post-processing started at: 2025-01-28 13:24:38

  Evaluating '- Touchstone Export': 0.025 s

  Total time: 0 s  ( = 0 h, 0 m, 0 s )

Template based post-processing finished at: 2025-01-28 13:24:38
----------------------------------------------------------------------------------------
Template based post-processing started at: 2025-01-28 13:25:45

  Evaluating '- Touchstone Export': 0.078 s

  Total time: 0 s  ( = 0 h, 0 m, 0 s )

Template based post-processing finished at: 2025-01-28 13:25:45
----------------------------------------------------------------------------------------
Template based post-processing started at: 2025-01-28 13:25:46

  Evaluating '- Touchstone Export': 0.034 s

  Total time: 0 s  ( = 0 h, 0 m, 0 s )

Template based post-processing finished at: 2025-01-28 13:25:46
----------------------------------------------------------------------------------------
Template based post-processing started at: 2025-01-28 13:25:48

  Evaluating '- Touchstone Export': 0.038 s

  Total time: 0 s  ( = 0 h, 0 m, 0 s )

Template based post-processing finished at: 2025-01-28 13:25:48
----------------------------------------------------------------------------------------
Template based post-processing started at: 2025-01-28 13:25:49

  Evaluating '- Touchstone Export': 0.031 s

  Total time: 0 s  ( = 0 h, 0 m, 0 s )

Template based post-processing finished at: 2025-01-28 13:25:49
----------------------------------------------------------------------------------------
Template based post-processing started at: 2025-01-28 13:25:51

  Evaluating '- Touchstone Export': 0.03 s

  Total time: 0 s  ( = 0 h, 0 m, 0 s )

Template based post-processing finished at: 2025-01-28 13:25:51
----------------------------------------------------------------------------------------
Template based post-processing started at: 2025-01-28 13:25:52

  Evaluating '- Touchstone Export': 0.035 s

  Total time: 0 s  ( = 0 h, 0 m, 0 s )

Template based post-processing finished at: 2025-01-28 13:25:52
----------------------------------------------------------------------------------------
Template based post-processing started at: 2025-01-28 13:25:54

  Evaluating '- Touchstone Export': 0.024 s

  Total time: 0 s  ( = 0 h, 0 m, 0 s )

Template based post-processing finished at: 2025-01-28 13:25:54
----------------------------------------------------------------------------------------
Template based post-processing started at: 2025-01-28 13:25:55

  Evaluating '- Touchstone Export': 0.025 s

  Total time: 0 s  ( = 0 h, 0 m, 0 s )

Template based post-processing finished at: 2025-01-28 13:25:55
----------------------------------------------------------------------------------------
Template based post-processing started at: 2025-01-28 13:25:57

  Evaluating '- Touchstone Export': 0.023 s

  Total time: 0 s  ( = 0 h, 0 m, 0 s )

Template based post-processing finished at: 2025-01-28 13:25:57
----------------------------------------------------------------------------------------
Template based post-processing started at: 2025-01-28 13:25:58

  Evaluating '- Touchstone Export': 0.023 s

  Total time: 0 s  ( = 0 h, 0 m, 0 s )

Template based post-processing finished at: 2025-01-28 13:25:58
----------------------------------------------------------------------------------------
Template based post-processing started at: 2025-01-28 13:25:59

  Evaluating '- Touchstone Export': 0.024 s

  Total time: 0 s  ( = 0 h, 0 m, 0 s )

Template based post-processing finished at: 2025-01-28 13:25:59
----------------------------------------------------------------------------------------
Template based post-processing started at: 2025-01-28 13:27:00

  Evaluating '- Touchstone Export': 0.048 s

  Total time: 0 s  ( = 0 h, 0 m, 0 s )

Template based post-processing finished at: 2025-01-28 13:27:00
----------------------------------------------------------------------------------------
Template based post-processing started at: 2025-01-28 13:27:01

  Evaluating '- Touchstone Export': 0.023 s

  Total time: 0 s  ( = 0 h, 0 m, 0 s )

Template based post-processing finished at: 2025-01-28 13:27:01
----------------------------------------------------------------------------------------
Template based post-processing started at: 2025-01-28 13:27:03

  Evaluating '- Touchstone Export': 0.023 s

  Total time: 0 s  ( = 0 h, 0 m, 0 s )

Template based post-processing finished at: 2025-01-28 13:27:03
----------------------------------------------------------------------------------------
Template based post-processing started at: 2025-01-28 13:27:04

  Evaluating '- Touchstone Export': 0.026 s

  Total time: 0 s  ( = 0 h, 0 m, 0 s )

Template based post-processing finished at: 2025-01-28 13:27:04
----------------------------------------------------------------------------------------
Template based post-processing started at: 2025-01-28 13:27:05

  Evaluating '- Touchstone Export': 0.024 s

  Total time: 0 s  ( = 0 h, 0 m, 0 s )

Template based post-processing finished at: 2025-01-28 13:27:05
----------------------------------------------------------------------------------------
Template based post-processing started at: 2025-01-28 13:27:07

  Evaluating '- Touchstone Export': 0.024 s

  Total time: 0 s  ( = 0 h, 0 m, 0 s )

Template based post-processing finished at: 2025-01-28 13:27:07
----------------------------------------------------------------------------------------
Template based post-processing started at: 2025-01-28 13:27:08

  Evaluating '- Touchstone Export': 0.022 s

  Total time: 0 s  ( = 0 h, 0 m, 0 s )

Template based post-processing finished at: 2025-01-28 13:27:08
----------------------------------------------------------------------------------------
Template based post-processing started at: 2025-01-28 13:27:09

  Evaluating '- Touchstone Export': 0.023 s

  Total time: 0 s  ( = 0 h, 0 m, 0 s )

Template based post-processing finished at: 2025-01-28 13:27:09
----------------------------------------------------------------------------------------
Template based post-processing started at: 2025-01-28 13:27:11

  Evaluating '- Touchstone Export': 0.024 s

  Total time: 0 s  ( = 0 h, 0 m, 0 s )

Template based post-processing finished at: 2025-01-28 13:27:11
----------------------------------------------------------------------------------------
Template based post-processing started at: 2025-01-28 13:27:12

  Evaluating '- Touchstone Export': 0.024 s

  Total time: 0 s  ( = 0 h, 0 m, 0 s )

Template based post-processing finished at: 2025-01-28 13:27:12
----------------------------------------------------------------------------------------
Template based post-processing started at: 2025-01-28 13:27:14

  Evaluating '- Touchstone Export': 0.024 s

  Total time: 0 s  ( = 0 h, 0 m, 0 s )

Template based post-processing finished at: 2025-01-28 13:27:14
----------------------------------------------------------------------------------------
Template based post-processing started at: 2025-01-28 13:28:13

  Evaluating '- Touchstone Export': 0.047 s

  Total time: 0 s  ( = 0 h, 0 m, 0 s )

Template based post-processing finished at: 2025-01-28 13:28:14
----------------------------------------------------------------------------------------
Template based post-processing started at: 2025-01-28 13:28:15

  Evaluating '- Touchstone Export': 0.023 s

  Total time: 0 s  ( = 0 h, 0 m, 0 s )

Template based post-processing finished at: 2025-01-28 13:28:15
----------------------------------------------------------------------------------------
Template based post-processing started at: 2025-01-28 13:28:16

  Evaluating '- Touchstone Export': 0.023 s

  Total time: 0 s  ( = 0 h, 0 m, 0 s )

Template based post-processing finished at: 2025-01-28 13:28:16
----------------------------------------------------------------------------------------
Template based post-processing started at: 2025-01-28 13:28:18

  Evaluating '- Touchstone Export': 0.024 s

  Total time: 0 s  ( = 0 h, 0 m, 0 s )

Template based post-processing finished at: 2025-01-28 13:28:18
----------------------------------------------------------------------------------------
Template based post-processing started at: 2025-01-28 13:28:19

  Evaluating '- Touchstone Export': 0.025 s

  Total time: 0 s  ( = 0 h, 0 m, 0 s )

Template based post-processing finished at: 2025-01-28 13:28:19
----------------------------------------------------------------------------------------
Template based post-processing started at: 2025-01-28 13:28:21

  Evaluating '- Touchstone Export': 0.026 s

  Total time: 0 s  ( = 0 h, 0 m, 0 s )

Template based post-processing finished at: 2025-01-28 13:28:21
----------------------------------------------------------------------------------------
Template based post-processing started at: 2025-01-28 13:28:22

  Evaluating '- Touchstone Export': 0.024 s

  Total time: 0 s  ( = 0 h, 0 m, 0 s )

Template based post-processing finished at: 2025-01-28 13:28:22
----------------------------------------------------------------------------------------
Template based post-processing started at: 2025-01-28 13:28:24

  Evaluating '- Touchstone Export': 0.025 s

  Total time: 0 s  ( = 0 h, 0 m, 0 s )

Template based post-processing finished at: 2025-01-28 13:28:24
----------------------------------------------------------------------------------------
Template based post-processing started at: 2025-01-28 13:28:25

  Evaluating '- Touchstone Export': 0.031 s

  Total time: 0 s  ( = 0 h, 0 m, 0 s )

Template based post-processing finished at: 2025-01-28 13:28:25
----------------------------------------------------------------------------------------
Template based post-processing started at: 2025-01-28 13:28:27

  Evaluating '- Touchstone Export': 0.036 s

  Total time: 0 s  ( = 0 h, 0 m, 0 s )

Template based post-processing finished at: 2025-01-28 13:28:27
----------------------------------------------------------------------------------------
Template based post-processing started at: 2025-01-28 13:28:28

  Evaluating '- Touchstone Export': 0.027 s

  Total time: 0 s  ( = 0 h, 0 m, 0 s )

Template based post-processing finished at: 2025-01-28 13:28:28
----------------------------------------------------------------------------------------
Template based post-processing started at: 2025-01-28 13:35:02

  Evaluating '- Touchstone Export': 0.042 s

  Total time: 0 s  ( = 0 h, 0 m, 0 s )

Template based post-processing finished at: 2025-01-28 13:35:02
----------------------------------------------------------------------------------------
Template based post-processing started at: 2025-01-28 13:35:03

  Evaluating '- Touchstone Export': 0.022 s

  Total time: 0 s  ( = 0 h, 0 m, 0 s )

Template based post-processing finished at: 2025-01-28 13:35:03
----------------------------------------------------------------------------------------
Template based post-processing started at: 2025-01-28 13:35:05

  Evaluating '- Touchstone Export': 0.021 s

  Total time: 0 s  ( = 0 h, 0 m, 0 s )

Template based post-processing finished at: 2025-01-28 13:35:05
----------------------------------------------------------------------------------------
Template based post-processing started at: 2025-01-28 13:35:06

  Evaluating '- Touchstone Export': 0.024 s

  Total time: 0 s  ( = 0 h, 0 m, 0 s )

Template based post-processing finished at: 2025-01-28 13:35:06
----------------------------------------------------------------------------------------
Template based post-processing started at: 2025-01-28 13:35:08

  Evaluating '- Touchstone Export': 0.023 s

  Total time: 0 s  ( = 0 h, 0 m, 0 s )

Template based post-processing finished at: 2025-01-28 13:35:08
----------------------------------------------------------------------------------------
Template based post-processing started at: 2025-01-28 13:35:09

  Evaluating '- Touchstone Export': 0.024 s

  Total time: 0 s  ( = 0 h, 0 m, 0 s )

Template based post-processing finished at: 2025-01-28 13:35:09
----------------------------------------------------------------------------------------
Template based post-processing started at: 2025-01-28 13:35:11

  Evaluating '- Touchstone Export': 0.022 s

  Total time: 0 s  ( = 0 h, 0 m, 0 s )

Template based post-processing finished at: 2025-01-28 13:35:11
----------------------------------------------------------------------------------------
Template based post-processing started at: 2025-01-28 13:35:12

  Evaluating '- Touchstone Export': 0.022 s

  Total time: 0 s  ( = 0 h, 0 m, 0 s )

Template based post-processing finished at: 2025-01-28 13:35:12
----------------------------------------------------------------------------------------
Template based post-processing started at: 2025-01-28 13:35:14

  Evaluating '- Touchstone Export': 0.022 s

  Total time: 0 s  ( = 0 h, 0 m, 0 s )

Template based post-processing finished at: 2025-01-28 13:35:14
----------------------------------------------------------------------------------------
Template based post-processing started at: 2025-01-28 13:35:15

  Evaluating '- Touchstone Export': 0.057 s

  Total time: 0 s  ( = 0 h, 0 m, 0 s )

Template based post-processing finished at: 2025-01-28 13:35:15
----------------------------------------------------------------------------------------
Template based post-processing started at: 2025-01-28 13:35:17

  Evaluating '- Touchstone Export': 0.032 s

  Total time: 0 s  ( = 0 h, 0 m, 0 s )

Template based post-processing finished at: 2025-01-28 13:35:17
----------------------------------------------------------------------------------------
