Unknown:
C:\Work\MatlabApps\UnitCellOptimizationMatlabNew\CST\unitcell\Result\hardware_resources.sconf
C:\Work\MatlabApps\UnitCellOptimizationMatlabNew\CST\unitcell\Result\Hex.gap
C:\Work\MatlabApps\UnitCellOptimizationMatlabNew\CST\unitcell\Result\MCalc.ddi
C:\Work\MatlabApps\UnitCellOptimizationMatlabNew\CST\unitcell\Result\MCalc.log
C:\Work\MatlabApps\UnitCellOptimizationMatlabNew\CST\unitcell\Result\Model.axg
C:\Work\MatlabApps\UnitCellOptimizationMatlabNew\CST\unitcell\Result\Model.coco
C:\Work\MatlabApps\UnitCellOptimizationMatlabNew\CST\unitcell\Result\Model.ddi
C:\Work\MatlabApps\UnitCellOptimizationMatlabNew\CST\unitcell\Result\Model.elg
C:\Work\MatlabApps\UnitCellOptimizationMatlabNew\CST\unitcell\Result\Model.log
C:\Work\MatlabApps\UnitCellOptimizationMatlabNew\CST\unitcell\Result\Model.sa
C:\Work\MatlabApps\UnitCellOptimizationMatlabNew\CST\unitcell\Result\Model.sam
C:\Work\MatlabApps\UnitCellOptimizationMatlabNew\CST\unitcell\Result\ModelPBA.axg
C:\Work\MatlabApps\UnitCellOptimizationMatlabNew\CST\unitcell\Result\Model_3.sam
C:\Work\MatlabApps\UnitCellOptimizationMatlabNew\CST\unitcell\Result\m^fbqq.dsc
C:\Work\MatlabApps\UnitCellOptimizationMatlabNew\CST\unitcell\Result\m^fifx.dsc
C:\Work\MatlabApps\UnitCellOptimizationMatlabNew\CST\unitcell\Result\m^fqq.dsc
C:\Work\MatlabApps\UnitCellOptimizationMatlabNew\CST\unitcell\Result\Ports.web
C:\Work\MatlabApps\UnitCellOptimizationMatlabNew\CST\unitcell\Result\PP-MCalc.log
C:\Work\MatlabApps\UnitCellOptimizationMatlabNew\CST\unitcell\Result\PP-Prio.log
C:\Work\MatlabApps\UnitCellOptimizationMatlabNew\CST\unitcell\Result\progress.log
C:\Work\MatlabApps\UnitCellOptimizationMatlabNew\CST\unitcell\Result\p^a.dsc
C:\Work\MatlabApps\UnitCellOptimizationMatlabNew\CST\unitcell\Result\P^m^fb.slog
C:\Work\MatlabApps\UnitCellOptimizationMatlabNew\CST\unitcell\Result\P^m^fbqq.slog
C:\Work\MatlabApps\UnitCellOptimizationMatlabNew\CST\unitcell\Result\P^m^fqq.slog
C:\Work\MatlabApps\UnitCellOptimizationMatlabNew\CST\unitcell\Result\P^p^m.slog
C:\Work\MatlabApps\UnitCellOptimizationMatlabNew\CST\unitcell\Result\P^s^pm.slog
C:\Work\MatlabApps\UnitCellOptimizationMatlabNew\CST\unitcell\Result\WEP.log
Mesh:
C:\Work\MatlabApps\UnitCellOptimizationMatlabNew\CST\unitcell\Result\dA.mat
C:\Work\MatlabApps\UnitCellOptimizationMatlabNew\CST\unitcell\Result\dad.mat
C:\Work\MatlabApps\UnitCellOptimizationMatlabNew\CST\unitcell\Result\ds.mat
C:\Work\MatlabApps\UnitCellOptimizationMatlabNew\CST\unitcell\Result\dsd.mat
C:\Work\MatlabApps\UnitCellOptimizationMatlabNew\CST\unitcell\Result\dsMCalc.mat
C:\Work\MatlabApps\UnitCellOptimizationMatlabNew\CST\unitcell\Result\Eps.mat
C:\Work\MatlabApps\UnitCellOptimizationMatlabNew\CST\unitcell\Result\HexMatrix.m2h
C:\Work\MatlabApps\UnitCellOptimizationMatlabNew\CST\unitcell\Result\HexMatrix_MCalc.m2h
C:\Work\MatlabApps\UnitCellOptimizationMatlabNew\CST\unitcell\Result\MCalc.fmp
C:\Work\MatlabApps\UnitCellOptimizationMatlabNew\CST\unitcell\Result\MCalc.xcfd
C:\Work\MatlabApps\UnitCellOptimizationMatlabNew\CST\unitcell\Result\MCalcCCS_c.mson
C:\Work\MatlabApps\UnitCellOptimizationMatlabNew\CST\unitcell\Result\Model-fmf.msqlite
C:\Work\MatlabApps\UnitCellOptimizationMatlabNew\CST\unitcell\Result\Model.cct
C:\Work\MatlabApps\UnitCellOptimizationMatlabNew\CST\unitcell\Result\Model.fmf
C:\Work\MatlabApps\UnitCellOptimizationMatlabNew\CST\unitcell\Result\Model.fmm
C:\Work\MatlabApps\UnitCellOptimizationMatlabNew\CST\unitcell\Result\Model.fpc
C:\Work\MatlabApps\UnitCellOptimizationMatlabNew\CST\unitcell\Result\Model.fwf
C:\Work\MatlabApps\UnitCellOptimizationMatlabNew\CST\unitcell\Result\Model.sic
C:\Work\MatlabApps\UnitCellOptimizationMatlabNew\CST\unitcell\Result\Model.sid
C:\Work\MatlabApps\UnitCellOptimizationMatlabNew\CST\unitcell\Result\Model.spi
C:\Work\MatlabApps\UnitCellOptimizationMatlabNew\CST\unitcell\Result\Model.xcfd
C:\Work\MatlabApps\UnitCellOptimizationMatlabNew\CST\unitcell\Result\Mue.mat
C:\Work\MatlabApps\UnitCellOptimizationMatlabNew\CST\unitcell\Result\m^fbqq.mem
C:\Work\MatlabApps\UnitCellOptimizationMatlabNew\CST\unitcell\Result\m^fqq.mem
C:\Work\MatlabApps\UnitCellOptimizationMatlabNew\CST\unitcell\Result\p3.spi
C:\Work\MatlabApps\UnitCellOptimizationMatlabNew\CST\unitcell\Result\PEC.mat
C:\Work\MatlabApps\UnitCellOptimizationMatlabNew\CST\unitcell\Result\Port3.wgi
C:\Work\MatlabApps\UnitCellOptimizationMatlabNew\CST\unitcell\Result\Ports.fpt
C:\Work\MatlabApps\UnitCellOptimizationMatlabNew\CST\unitcell\Result\p^a.mem
C:\Work\MatlabApps\UnitCellOptimizationMatlabNew\CST\unitcell\Result\p^m.mem
C:\Work\MatlabApps\UnitCellOptimizationMatlabNew\CST\unitcell\Result\Rho.mat
C:\Work\MatlabApps\UnitCellOptimizationMatlabNew\CST\unitcell\Result\S2HMatrix.m2h
C:\Work\MatlabApps\UnitCellOptimizationMatlabNew\CST\unitcell\Result\Shapes.con
C:\Work\MatlabApps\UnitCellOptimizationMatlabNew\CST\unitcell\Result\s^pm.mem
Port:
C:\Work\MatlabApps\UnitCellOptimizationMatlabNew\CST\unitcell\Result\adapt_Port3_e1.prt
C:\Work\MatlabApps\UnitCellOptimizationMatlabNew\CST\unitcell\Result\adapt_Port3_e1[11].prt
C:\Work\MatlabApps\UnitCellOptimizationMatlabNew\CST\unitcell\Result\adapt_Port3_h1.prt
C:\Work\MatlabApps\UnitCellOptimizationMatlabNew\CST\unitcell\Result\adapt_Port3_h1[11].prt
C:\Work\MatlabApps\UnitCellOptimizationMatlabNew\CST\unitcell\Result\Model.pmi
C:\Work\MatlabApps\UnitCellOptimizationMatlabNew\CST\unitcell\Result\Port3_1[11].m2d
C:\Work\MatlabApps\UnitCellOptimizationMatlabNew\CST\unitcell\Result\Port3_drv.m2d
C:\Work\MatlabApps\UnitCellOptimizationMatlabNew\CST\unitcell\Result\Port3_e1.prt
C:\Work\MatlabApps\UnitCellOptimizationMatlabNew\CST\unitcell\Result\Port3_e1[11].prt
C:\Work\MatlabApps\UnitCellOptimizationMatlabNew\CST\unitcell\Result\Port3_h1.prt
C:\Work\MatlabApps\UnitCellOptimizationMatlabNew\CST\unitcell\Result\Port3_h1[11].prt
